10:39:15.207 [TestNG-PoolService-0] INFO  parallelHooks.MyHooks - opening browser
10:39:15.692 [TestNG-PoolService-0] INFO  parallelHooks.MyHooks - maximizing window
10:39:16.284 [TestNG-PoolService-0] INFO  parallelHooks.MyHooks - clicked on my account
10:39:16.820 [TestNG-PoolService-1] INFO  parallelHooks.MyHooks - opening browser
10:39:16.859 [TestNG-PoolService-0] INFO  parallelHooks.MyHooks - clicked on login
10:39:17.033 [TestNG-PoolService-0] INFO  parallelHooks.MyHooks -  Username entered
10:39:17.130 [TestNG-PoolService-0] INFO  parallelHooks.MyHooks -  password entered
10:39:17.315 [TestNG-PoolService-1] INFO  parallelHooks.MyHooks - maximizing window
10:39:17.475 [TestNG-PoolService-0] INFO  parallelHooks.MyHooks - clicked on Login button
10:39:17.510 [TestNG-PoolService-0] INFO  parallelHooks.MyHooks - login successful
10:39:18.459 [TestNG-PoolService-1] INFO  parallelHooks.MyHooks - searching a product
10:39:18.530 [TestNG-PoolService-1] INFO  parallelHooks.MyHooks - clicking on search button
10:39:20.951 [TestNG-PoolService-1] INFO  parallelHooks.MyHooks - clicking on a searched  product
10:39:22.006 [TestNG-PoolService-1] INFO  parallelHooks.MyHooks - clicking on add to cart button
10:39:22.646 [TestNG-PoolService-1] INFO  parallelHooks.MyHooks - add to cart successful
10:39:25.855 [TestNG-PoolService-1] INFO  parallelHooks.MyHooks - opening browser
10:39:26.030 [TestNG-PoolService-0] INFO  parallelHooks.MyHooks - opening browser
10:39:26.743 [TestNG-PoolService-1] INFO  parallelHooks.MyHooks - maximizing window
10:39:26.874 [TestNG-PoolService-0] INFO  parallelHooks.MyHooks - maximizing window
10:39:27.428 [TestNG-PoolService-0] INFO  parallelHooks.MyHooks - clicked on my account
10:39:27.809 [TestNG-PoolService-0] INFO  parallelHooks.MyHooks - clicked on login
10:39:27.928 [TestNG-PoolService-0] INFO  parallelHooks.MyHooks -  Username entered
10:39:27.984 [TestNG-PoolService-0] INFO  parallelHooks.MyHooks -  password entered
10:39:28.036 [TestNG-PoolService-1] INFO  parallelHooks.MyHooks - searching a product
10:39:28.207 [TestNG-PoolService-1] INFO  parallelHooks.MyHooks - clicking on search button
10:39:28.399 [TestNG-PoolService-0] INFO  parallelHooks.MyHooks - clicked on Login button
10:39:28.440 [TestNG-PoolService-0] INFO  parallelHooks.MyHooks - login successful
10:39:30.748 [TestNG-PoolService-1] INFO  parallelHooks.MyHooks - clicking on a searched  product
10:39:31.985 [TestNG-PoolService-1] INFO  parallelHooks.MyHooks - clicking on add to cart button
10:39:32.276 [TestNG-PoolService-1] INFO  parallelHooks.MyHooks - add to cart successful
10:39:47.347 [TestNG-PoolService-1] INFO  parallelHooks.MyHooks - opening browser
10:39:47.995 [TestNG-PoolService-1] INFO  parallelHooks.MyHooks - opening browser
10:39:48.195 [TestNG-PoolService-0] INFO  parallelHooks.MyHooks - opening browser
10:39:48.302 [TestNG-PoolService-0] INFO  parallelHooks.MyHooks - opening browser
10:39:49.647 [TestNG-PoolService-1] INFO  parallelHooks.MyHooks - maximizing window
10:39:50.519 [TestNG-PoolService-1] INFO  parallelHooks.MyHooks - maximizing window
10:39:50.927 [TestNG-PoolService-0] INFO  parallelHooks.MyHooks - maximizing window
10:39:51.187 [TestNG-PoolService-1] INFO  parallelHooks.MyHooks - searching a product
10:39:51.283 [TestNG-PoolService-0] INFO  parallelHooks.MyHooks - maximizing window
10:39:51.956 [TestNG-PoolService-1] INFO  parallelHooks.MyHooks - searching a product
10:39:51.975 [TestNG-PoolService-0] INFO  parallelHooks.MyHooks - clicked on my account
10:39:52.052 [TestNG-PoolService-1] INFO  parallelHooks.MyHooks - clicking on search button
10:39:52.425 [TestNG-PoolService-0] INFO  parallelHooks.MyHooks - clicked on my account
10:39:52.671 [TestNG-PoolService-1] INFO  parallelHooks.MyHooks - clicking on search button
10:39:53.390 [TestNG-PoolService-0] INFO  parallelHooks.MyHooks - clicked on login
10:39:53.447 [TestNG-PoolService-0] INFO  parallelHooks.MyHooks - clicked on login
10:39:53.831 [TestNG-PoolService-0] INFO  parallelHooks.MyHooks -  Username entered
10:39:53.845 [TestNG-PoolService-0] INFO  parallelHooks.MyHooks -  Username entered
10:39:53.974 [TestNG-PoolService-0] INFO  parallelHooks.MyHooks -  password entered
10:39:54.033 [TestNG-PoolService-0] INFO  parallelHooks.MyHooks -  password entered
10:39:54.911 [TestNG-PoolService-0] INFO  parallelHooks.MyHooks - clicked on Login button
10:39:54.975 [TestNG-PoolService-0] INFO  parallelHooks.MyHooks - clicked on Login button
10:39:55.021 [TestNG-PoolService-0] INFO  parallelHooks.MyHooks - login successful
10:39:55.075 [TestNG-PoolService-0] INFO  parallelHooks.MyHooks - login successful
10:39:56.354 [TestNG-PoolService-1] INFO  parallelHooks.MyHooks - clicking on a searched  product
10:39:56.808 [TestNG-PoolService-1] INFO  parallelHooks.MyHooks - clicking on a searched  product
10:39:58.256 [TestNG-PoolService-1] INFO  parallelHooks.MyHooks - clicking on add to cart button
10:39:58.342 [TestNG-PoolService-1] INFO  parallelHooks.MyHooks - clicking on add to cart button
10:39:58.741 [TestNG-PoolService-1] INFO  parallelHooks.MyHooks - add to cart successful
10:39:58.859 [TestNG-PoolService-1] INFO  parallelHooks.MyHooks - add to cart successful
10:43:36.755 [TestNG-PoolService-1] INFO  parallelHooks.MyHooks - opening browser
10:43:37.158 [TestNG-PoolService-1] INFO  parallelHooks.MyHooks - maximizing window
10:43:38.169 [TestNG-PoolService-0] INFO  parallelHooks.MyHooks - opening browser
10:43:38.296 [TestNG-PoolService-1] INFO  parallelHooks.MyHooks - searching a product
10:43:38.376 [TestNG-PoolService-1] INFO  parallelHooks.MyHooks - clicking on search button
10:43:38.656 [TestNG-PoolService-0] INFO  parallelHooks.MyHooks - maximizing window
10:43:38.855 [TestNG-PoolService-0] INFO  parallelHooks.MyHooks - clicked on my account
10:43:39.162 [TestNG-PoolService-0] INFO  parallelHooks.MyHooks - clicked on login
10:43:39.246 [TestNG-PoolService-0] INFO  parallelHooks.MyHooks -  Username entered
10:43:39.330 [TestNG-PoolService-0] INFO  parallelHooks.MyHooks -  password entered
10:43:39.553 [TestNG-PoolService-0] INFO  parallelHooks.MyHooks - clicked on Login button
10:43:39.587 [TestNG-PoolService-0] INFO  parallelHooks.MyHooks - login successful
10:43:40.842 [TestNG-PoolService-1] INFO  parallelHooks.MyHooks - clicking on a searched  product
10:43:41.854 [TestNG-PoolService-1] INFO  parallelHooks.MyHooks - clicking on add to cart button
10:43:42.503 [TestNG-PoolService-1] INFO  parallelHooks.MyHooks - add to cart successful
10:43:45.862 [TestNG-PoolService-1] INFO  parallelHooks.MyHooks - opening browser
10:43:46.103 [TestNG-PoolService-0] INFO  parallelHooks.MyHooks - opening browser
10:43:47.041 [TestNG-PoolService-1] INFO  parallelHooks.MyHooks - maximizing window
10:43:47.885 [TestNG-PoolService-0] INFO  parallelHooks.MyHooks - maximizing window
10:43:48.523 [TestNG-PoolService-1] INFO  parallelHooks.MyHooks - searching a product
10:43:48.600 [TestNG-PoolService-0] INFO  parallelHooks.MyHooks - clicked on my account
10:43:48.850 [TestNG-PoolService-1] INFO  parallelHooks.MyHooks - clicking on search button
10:43:49.393 [TestNG-PoolService-0] INFO  parallelHooks.MyHooks - clicked on login
10:43:49.632 [TestNG-PoolService-0] INFO  parallelHooks.MyHooks -  Username entered
10:43:49.775 [TestNG-PoolService-0] INFO  parallelHooks.MyHooks -  password entered
10:43:50.397 [TestNG-PoolService-0] INFO  parallelHooks.MyHooks - clicked on Login button
10:43:50.467 [TestNG-PoolService-0] INFO  parallelHooks.MyHooks - login successful
10:43:52.052 [TestNG-PoolService-1] INFO  parallelHooks.MyHooks - clicking on a searched  product
10:43:53.175 [TestNG-PoolService-1] INFO  parallelHooks.MyHooks - clicking on add to cart button
10:43:53.542 [TestNG-PoolService-1] INFO  parallelHooks.MyHooks - add to cart successful
09:14:11.070 [TestNG-PoolService-1] INFO  parallelHooks.MyHooks - opening browser
09:14:13.038 [TestNG-PoolService-1] INFO  parallelHooks.MyHooks - maximizing window
09:14:13.227 [TestNG-PoolService-1] INFO  parallelHooks.MyHooks - opening browser
09:14:13.374 [TestNG-PoolService-0] INFO  parallelHooks.MyHooks - opening browser
09:14:13.502 [TestNG-PoolService-0] INFO  parallelHooks.MyHooks - opening browser
09:14:14.340 [TestNG-PoolService-1] INFO  parallelHooks.MyHooks - searching a product
09:14:14.520 [TestNG-PoolService-1] INFO  parallelHooks.MyHooks - maximizing window
09:14:15.071 [TestNG-PoolService-0] INFO  parallelHooks.MyHooks - maximizing window
09:14:15.078 [TestNG-PoolService-0] INFO  parallelHooks.MyHooks - maximizing window
09:14:15.420 [TestNG-PoolService-1] INFO  parallelHooks.MyHooks - clicking on search button
09:14:15.713 [TestNG-PoolService-0] INFO  parallelHooks.MyHooks - clicked on my account
09:14:15.780 [TestNG-PoolService-0] INFO  parallelHooks.MyHooks - clicked on my account
09:14:15.851 [TestNG-PoolService-1] INFO  parallelHooks.MyHooks - searching a product
09:14:16.240 [TestNG-PoolService-1] INFO  parallelHooks.MyHooks - clicking on search button
09:14:16.826 [TestNG-PoolService-0] INFO  parallelHooks.MyHooks - clicked on login
09:14:16.871 [TestNG-PoolService-0] INFO  parallelHooks.MyHooks - clicked on login
09:14:17.118 [TestNG-PoolService-0] INFO  parallelHooks.MyHooks -  Username entered
09:14:17.124 [TestNG-PoolService-0] INFO  parallelHooks.MyHooks -  Username entered
09:14:17.342 [TestNG-PoolService-0] INFO  parallelHooks.MyHooks -  password entered
09:14:17.352 [TestNG-PoolService-0] INFO  parallelHooks.MyHooks -  password entered
09:14:18.032 [TestNG-PoolService-0] INFO  parallelHooks.MyHooks - clicked on Login button
09:14:18.046 [TestNG-PoolService-0] INFO  parallelHooks.MyHooks - clicked on Login button
09:14:18.086 [TestNG-PoolService-0] INFO  parallelHooks.MyHooks - login successful
09:14:18.090 [TestNG-PoolService-0] INFO  parallelHooks.MyHooks - login successful
09:14:18.984 [TestNG-PoolService-1] INFO  parallelHooks.MyHooks - clicking on a searched  product
09:14:19.614 [TestNG-PoolService-1] INFO  parallelHooks.MyHooks - clicking on a searched  product
09:14:20.402 [TestNG-PoolService-1] INFO  parallelHooks.MyHooks - clicking on add to cart button
09:14:21.034 [TestNG-PoolService-1] INFO  parallelHooks.MyHooks - clicking on add to cart button
09:14:21.149 [TestNG-PoolService-1] INFO  parallelHooks.MyHooks - add to cart successful
09:14:21.740 [TestNG-PoolService-1] INFO  parallelHooks.MyHooks - add to cart successful
10:04:48.113 [TestNG-PoolService-0] INFO  parallelHooks.MyHooks - opening browser
10:04:48.661 [TestNG-PoolService-1] INFO  parallelHooks.MyHooks - opening browser
10:04:48.754 [TestNG-PoolService-1] INFO  parallelHooks.MyHooks - opening browser
10:04:48.800 [TestNG-PoolService-0] INFO  parallelHooks.MyHooks - opening browser
10:04:49.644 [TestNG-PoolService-0] INFO  parallelHooks.MyHooks - maximizing window
10:04:50.346 [TestNG-PoolService-0] INFO  parallelHooks.MyHooks - clicked on my account
10:04:50.357 [TestNG-PoolService-0] INFO  parallelHooks.MyHooks - maximizing window
10:04:50.531 [TestNG-PoolService-1] INFO  parallelHooks.MyHooks - maximizing window
10:04:50.916 [TestNG-PoolService-1] INFO  parallelHooks.MyHooks - maximizing window
10:04:51.321 [TestNG-PoolService-0] INFO  parallelHooks.MyHooks - clicked on my account
10:04:51.467 [TestNG-PoolService-0] INFO  parallelHooks.MyHooks - clicked on login
10:04:51.670 [TestNG-PoolService-0] INFO  parallelHooks.MyHooks -  Username entered
10:04:51.736 [TestNG-PoolService-0] INFO  parallelHooks.MyHooks -  password entered
10:04:51.879 [TestNG-PoolService-0] INFO  parallelHooks.MyHooks - clicked on login
10:04:52.013 [TestNG-PoolService-0] INFO  parallelHooks.MyHooks -  Username entered
10:04:52.060 [TestNG-PoolService-0] INFO  parallelHooks.MyHooks -  password entered
10:04:52.114 [TestNG-PoolService-1] INFO  parallelHooks.MyHooks - searching a product
10:04:52.180 [TestNG-PoolService-0] INFO  parallelHooks.MyHooks - clicked on Login button
10:04:52.222 [TestNG-PoolService-0] INFO  parallelHooks.MyHooks - login successful
10:04:52.251 [TestNG-PoolService-1] INFO  parallelHooks.MyHooks - searching a product
10:04:52.309 [TestNG-PoolService-1] INFO  parallelHooks.MyHooks - clicking on search button
10:04:52.441 [TestNG-PoolService-1] INFO  parallelHooks.MyHooks - clicking on search button
10:04:52.539 [TestNG-PoolService-0] INFO  parallelHooks.MyHooks - clicked on Login button
10:04:52.587 [TestNG-PoolService-0] INFO  parallelHooks.MyHooks - login successful
10:04:55.206 [TestNG-PoolService-1] INFO  parallelHooks.MyHooks - clicking on a searched  product
10:04:55.251 [TestNG-PoolService-1] INFO  parallelHooks.MyHooks - clicking on a searched  product
10:04:56.616 [TestNG-PoolService-1] INFO  parallelHooks.MyHooks - clicking on add to cart button
10:04:56.657 [TestNG-PoolService-1] INFO  parallelHooks.MyHooks - clicking on add to cart button
10:04:56.966 [TestNG-PoolService-1] INFO  parallelHooks.MyHooks - add to cart successful
10:04:57.018 [TestNG-PoolService-1] INFO  parallelHooks.MyHooks - add to cart successful
10:34:37.176 [TestNG-PoolService-1] INFO  parallelHooks.MyHooks - opening browser
10:34:37.723 [TestNG-PoolService-1] INFO  parallelHooks.MyHooks - maximizing window
10:34:38.871 [TestNG-PoolService-1] INFO  parallelHooks.MyHooks - searching a product
10:34:39.147 [TestNG-PoolService-0] INFO  parallelHooks.MyHooks - opening browser
10:34:39.238 [TestNG-PoolService-1] INFO  parallelHooks.MyHooks - opening browser
10:34:39.252 [TestNG-PoolService-0] INFO  parallelHooks.MyHooks - opening browser
10:34:40.506 [TestNG-PoolService-1] INFO  parallelHooks.MyHooks - clicking on search button
10:34:41.018 [TestNG-PoolService-0] INFO  parallelHooks.MyHooks - maximizing window
10:34:41.142 [TestNG-PoolService-0] INFO  parallelHooks.MyHooks - maximizing window
10:34:41.197 [TestNG-PoolService-1] INFO  parallelHooks.MyHooks - maximizing window
10:34:42.222 [TestNG-PoolService-0] INFO  parallelHooks.MyHooks - clicked on my account
10:34:42.231 [TestNG-PoolService-0] INFO  parallelHooks.MyHooks - clicked on my account
10:34:43.001 [TestNG-PoolService-1] INFO  parallelHooks.MyHooks - searching a product
10:34:43.855 [TestNG-PoolService-0] INFO  parallelHooks.MyHooks - clicked on login
10:34:43.942 [TestNG-PoolService-0] INFO  parallelHooks.MyHooks - clicked on login
10:34:44.005 [TestNG-PoolService-1] INFO  parallelHooks.MyHooks - clicking on search button
10:34:44.313 [TestNG-PoolService-0] INFO  parallelHooks.MyHooks -  Username entered
10:34:44.506 [TestNG-PoolService-0] INFO  parallelHooks.MyHooks -  Username entered
10:34:44.933 [TestNG-PoolService-0] INFO  parallelHooks.MyHooks -  password entered
10:34:44.952 [TestNG-PoolService-0] INFO  parallelHooks.MyHooks -  password entered
10:34:46.008 [TestNG-PoolService-0] INFO  parallelHooks.MyHooks - clicked on Login button
10:34:46.151 [TestNG-PoolService-0] INFO  parallelHooks.MyHooks - clicked on Login button
10:34:46.173 [TestNG-PoolService-0] INFO  parallelHooks.MyHooks - login successful
10:34:46.248 [TestNG-PoolService-0] INFO  parallelHooks.MyHooks - login successful
10:34:46.257 [TestNG-PoolService-1] INFO  parallelHooks.MyHooks - clicking on a searched  product
10:34:48.216 [TestNG-PoolService-1] INFO  parallelHooks.MyHooks - clicking on a searched  product
10:34:48.391 [TestNG-PoolService-1] INFO  parallelHooks.MyHooks - clicking on add to cart button
10:34:49.196 [TestNG-PoolService-1] INFO  parallelHooks.MyHooks - add to cart successful
10:34:49.582 [TestNG-PoolService-1] INFO  parallelHooks.MyHooks - clicking on add to cart button
10:34:50.291 [TestNG-PoolService-1] INFO  parallelHooks.MyHooks - add to cart successful
10:36:51.360 [TestNG-PoolService-1] INFO  parallelHooks.MyHooks - opening browser
10:36:51.887 [TestNG-PoolService-1] INFO  parallelHooks.MyHooks - maximizing window
10:36:52.769 [TestNG-PoolService-0] INFO  parallelHooks.MyHooks - opening browser
10:36:53.043 [TestNG-PoolService-1] INFO  parallelHooks.MyHooks - searching a product
10:36:53.118 [TestNG-PoolService-1] INFO  parallelHooks.MyHooks - clicking on search button
10:36:53.269 [TestNG-PoolService-0] INFO  parallelHooks.MyHooks - maximizing window
10:36:53.438 [TestNG-PoolService-0] INFO  parallelHooks.MyHooks - clicked on my account
10:36:53.724 [TestNG-PoolService-0] INFO  parallelHooks.MyHooks - clicked on login
10:36:53.811 [TestNG-PoolService-0] INFO  parallelHooks.MyHooks -  Username entered
10:36:53.889 [TestNG-PoolService-0] INFO  parallelHooks.MyHooks -  password entered
10:36:54.232 [TestNG-PoolService-0] INFO  parallelHooks.MyHooks - clicked on Login button
10:36:54.260 [TestNG-PoolService-0] INFO  parallelHooks.MyHooks - login successful
10:36:55.617 [TestNG-PoolService-1] INFO  parallelHooks.MyHooks - clicking on a searched  product
10:36:56.774 [TestNG-PoolService-1] INFO  parallelHooks.MyHooks - clicking on add to cart button
10:36:57.397 [TestNG-PoolService-1] INFO  parallelHooks.MyHooks - add to cart successful
10:37:00.500 [TestNG-PoolService-1] INFO  parallelHooks.MyHooks - opening browser
10:37:00.533 [TestNG-PoolService-0] INFO  parallelHooks.MyHooks - opening browser
10:37:01.294 [TestNG-PoolService-1] INFO  parallelHooks.MyHooks - maximizing window
10:37:01.391 [TestNG-PoolService-0] INFO  parallelHooks.MyHooks - maximizing window
10:37:01.958 [TestNG-PoolService-0] INFO  parallelHooks.MyHooks - clicked on my account
10:37:02.237 [TestNG-PoolService-0] INFO  parallelHooks.MyHooks - clicked on login
10:37:02.341 [TestNG-PoolService-0] INFO  parallelHooks.MyHooks -  Username entered
10:37:02.384 [TestNG-PoolService-0] INFO  parallelHooks.MyHooks -  password entered
10:37:02.582 [TestNG-PoolService-1] INFO  parallelHooks.MyHooks - searching a product
10:37:02.752 [TestNG-PoolService-1] INFO  parallelHooks.MyHooks - clicking on search button
10:37:02.772 [TestNG-PoolService-0] INFO  parallelHooks.MyHooks - clicked on Login button
10:37:02.819 [TestNG-PoolService-0] INFO  parallelHooks.MyHooks - login successful
10:37:05.796 [TestNG-PoolService-1] INFO  parallelHooks.MyHooks - clicking on a searched  product
10:37:06.785 [TestNG-PoolService-1] INFO  parallelHooks.MyHooks - clicking on add to cart button
10:37:07.129 [TestNG-PoolService-1] INFO  parallelHooks.MyHooks - add to cart successful
10:38:10.453 [main] INFO  parallelHooks.MyHooks - opening browser
10:38:10.886 [main] INFO  parallelHooks.MyHooks - maximizing window
10:38:11.079 [main] INFO  parallelHooks.MyHooks - clicked on my account
10:38:11.376 [main] INFO  parallelHooks.MyHooks - clicked on login
10:38:11.501 [main] INFO  parallelHooks.MyHooks -  Username entered
10:38:11.581 [main] INFO  parallelHooks.MyHooks -  password entered
10:38:11.883 [main] INFO  parallelHooks.MyHooks - clicked on Login button
10:38:11.910 [main] INFO  parallelHooks.MyHooks - login successful
10:38:13.233 [main] INFO  parallelHooks.MyHooks - opening browser
10:38:13.629 [main] INFO  parallelHooks.MyHooks - maximizing window
10:38:14.761 [main] INFO  parallelHooks.MyHooks - searching a product
10:38:14.850 [main] INFO  parallelHooks.MyHooks - clicking on search button
10:38:17.338 [main] INFO  parallelHooks.MyHooks - clicking on a searched  product
10:38:18.350 [main] INFO  parallelHooks.MyHooks - clicking on add to cart button
10:38:19.089 [main] INFO  parallelHooks.MyHooks - add to cart successful
10:38:21.818 [main] INFO  parallelHooks.MyHooks - opening browser
10:38:22.370 [main] INFO  parallelHooks.MyHooks - maximizing window
10:38:22.910 [main] INFO  parallelHooks.MyHooks - clicked on my account
10:38:23.194 [main] INFO  parallelHooks.MyHooks - clicked on login
10:38:23.277 [main] INFO  parallelHooks.MyHooks -  Username entered
10:38:23.321 [main] INFO  parallelHooks.MyHooks -  password entered
10:38:23.573 [main] INFO  parallelHooks.MyHooks - clicked on Login button
10:38:23.597 [main] INFO  parallelHooks.MyHooks - login successful
10:38:26.934 [main] INFO  parallelHooks.MyHooks - opening browser
10:38:27.750 [main] INFO  parallelHooks.MyHooks - maximizing window
10:38:29.084 [main] INFO  parallelHooks.MyHooks - searching a product
10:38:29.196 [main] INFO  parallelHooks.MyHooks - clicking on search button
10:38:31.907 [main] INFO  parallelHooks.MyHooks - clicking on a searched  product
10:38:32.929 [main] INFO  parallelHooks.MyHooks - clicking on add to cart button
10:38:33.240 [main] INFO  parallelHooks.MyHooks - add to cart successful
